<?xml version="1.0" encoding="UTF-8"?>
<!-- Generated by org.testng.reporters.JUnitXMLReporter -->
<testsuite hostname="sheridan-PC" name="Default test" tests="3" failures="0" timestamp="7 Mar 2016 01:19:47 GMT" time="24.814" errors="0">
  <testcase name="IncorectPassword" time="7.85" classname="com.mlb.Assesment.MlbProject.FlowOneLogin"/>
  <testcase name="IncorectUsername" time="3.279" classname="com.mlb.Assesment.MlbProject.FlowOneLogin"/>
  <testcase name="Login" time="5.618" classname="com.mlb.Assesment.MlbProject.FlowOneLogin"/>
</testsuite> <!-- Default test -->
